[2022-12-04 13:29:37,440] {taskinstance.py:1179} INFO - Dependencies all met for <TaskInstance: coba.transform manual__2022-12-04T06:29:28.843827+00:00 [queued]>
[2022-12-04 13:29:37,445] {taskinstance.py:1179} INFO - Dependencies all met for <TaskInstance: coba.transform manual__2022-12-04T06:29:28.843827+00:00 [queued]>
[2022-12-04 13:29:37,445] {taskinstance.py:1376} INFO - 
--------------------------------------------------------------------------------
[2022-12-04 13:29:37,445] {taskinstance.py:1377} INFO - Starting attempt 1 of 1
[2022-12-04 13:29:37,445] {taskinstance.py:1378} INFO - 
--------------------------------------------------------------------------------
[2022-12-04 13:29:37,634] {taskinstance.py:1397} INFO - Executing <Task(PythonOperator): transform> on 2022-12-04 06:29:28.843827+00:00
[2022-12-04 13:29:37,640] {standard_task_runner.py:52} INFO - Started process 6995 to run task
[2022-12-04 13:29:37,644] {standard_task_runner.py:79} INFO - Running: ['airflow', 'tasks', 'run', 'coba', 'transform', 'manual__2022-12-04T06:29:28.843827+00:00', '--job-id', '71', '--raw', '--subdir', 'DAGS_FOLDER/AirFlowScheaduling.py', '--cfg-path', '/tmp/tmp2qzeigac', '--error-file', '/tmp/tmpijd7tiov']
[2022-12-04 13:29:37,644] {standard_task_runner.py:80} INFO - Job 71: Subtask transform
[2022-12-04 13:29:37,727] {task_command.py:371} INFO - Running <TaskInstance: coba.transform manual__2022-12-04T06:29:28.843827+00:00 [running]> on host UbuntuPC
[2022-12-04 13:29:38,004] {taskinstance.py:1589} INFO - Exporting the following env vars:
AIRFLOW_CTX_DAG_OWNER=Kelompok6
AIRFLOW_CTX_DAG_ID=coba
AIRFLOW_CTX_TASK_ID=transform
AIRFLOW_CTX_EXECUTION_DATE=2022-12-04T06:29:28.843827+00:00
AIRFLOW_CTX_TRY_NUMBER=1
AIRFLOW_CTX_DAG_RUN_ID=manual__2022-12-04T06:29:28.843827+00:00
[2022-12-04 13:29:38,078] {python.py:173} INFO - Done. Returned value was: None
[2022-12-04 13:29:38,086] {taskinstance.py:1415} INFO - Marking task as SUCCESS. dag_id=coba, task_id=transform, execution_date=20221204T062928, start_date=20221204T062937, end_date=20221204T062938
[2022-12-04 13:29:38,226] {local_task_job.py:156} INFO - Task exited with return code 0
[2022-12-04 13:29:38,254] {local_task_job.py:273} INFO - 1 downstream tasks scheduled from follow-on schedule check
