[2022-12-04 13:29:33,660] {taskinstance.py:1179} INFO - Dependencies all met for <TaskInstance: coba.extract manual__2022-12-04T06:29:28.843827+00:00 [queued]>
[2022-12-04 13:29:33,669] {taskinstance.py:1179} INFO - Dependencies all met for <TaskInstance: coba.extract manual__2022-12-04T06:29:28.843827+00:00 [queued]>
[2022-12-04 13:29:33,669] {taskinstance.py:1376} INFO - 
--------------------------------------------------------------------------------
[2022-12-04 13:29:33,669] {taskinstance.py:1377} INFO - Starting attempt 1 of 1
[2022-12-04 13:29:33,670] {taskinstance.py:1378} INFO - 
--------------------------------------------------------------------------------
[2022-12-04 13:29:33,801] {taskinstance.py:1397} INFO - Executing <Task(BashOperator): extract> on 2022-12-04 06:29:28.843827+00:00
[2022-12-04 13:29:33,808] {standard_task_runner.py:52} INFO - Started process 6927 to run task
[2022-12-04 13:29:33,812] {standard_task_runner.py:79} INFO - Running: ['airflow', 'tasks', 'run', 'coba', 'extract', 'manual__2022-12-04T06:29:28.843827+00:00', '--job-id', '70', '--raw', '--subdir', 'DAGS_FOLDER/AirFlowScheaduling.py', '--cfg-path', '/tmp/tmphmu6kp6h', '--error-file', '/tmp/tmpairzb5vr']
[2022-12-04 13:29:33,813] {standard_task_runner.py:80} INFO - Job 70: Subtask extract
[2022-12-04 13:29:33,864] {task_command.py:371} INFO - Running <TaskInstance: coba.extract manual__2022-12-04T06:29:28.843827+00:00 [running]> on host UbuntuPC
[2022-12-04 13:29:34,042] {taskinstance.py:1589} INFO - Exporting the following env vars:
AIRFLOW_CTX_DAG_OWNER=Kelompok6
AIRFLOW_CTX_DAG_ID=coba
AIRFLOW_CTX_TASK_ID=extract
AIRFLOW_CTX_EXECUTION_DATE=2022-12-04T06:29:28.843827+00:00
AIRFLOW_CTX_TRY_NUMBER=1
AIRFLOW_CTX_DAG_RUN_ID=manual__2022-12-04T06:29:28.843827+00:00
[2022-12-04 13:29:34,043] {subprocess.py:62} INFO - Tmp dir root location: 
 /tmp
[2022-12-04 13:29:34,043] {subprocess.py:74} INFO - Running command: ['bash', '-c', 'mv /home/noname00/Documents/DE_SCHEADULING/SERVER_A/BankCustomerChurnPrediction.csv /home/noname00/Documents/DE_SCHEADULING/SERVER_MAIN']
[2022-12-04 13:29:34,055] {subprocess.py:85} INFO - Output:
[2022-12-04 13:29:34,073] {subprocess.py:96} INFO - Command exited with return code 0
[2022-12-04 13:29:34,091] {taskinstance.py:1415} INFO - Marking task as SUCCESS. dag_id=coba, task_id=extract, execution_date=20221204T062928, start_date=20221204T062933, end_date=20221204T062934
[2022-12-04 13:29:34,144] {local_task_job.py:156} INFO - Task exited with return code 0
[2022-12-04 13:29:34,174] {local_task_job.py:273} INFO - 1 downstream tasks scheduled from follow-on schedule check
