[2022-12-04 13:29:45,056] {taskinstance.py:1179} INFO - Dependencies all met for <TaskInstance: coba.load manual__2022-12-04T06:29:28.843827+00:00 [queued]>
[2022-12-04 13:29:45,060] {taskinstance.py:1179} INFO - Dependencies all met for <TaskInstance: coba.load manual__2022-12-04T06:29:28.843827+00:00 [queued]>
[2022-12-04 13:29:45,061] {taskinstance.py:1376} INFO - 
--------------------------------------------------------------------------------
[2022-12-04 13:29:45,061] {taskinstance.py:1377} INFO - Starting attempt 1 of 1
[2022-12-04 13:29:45,061] {taskinstance.py:1378} INFO - 
--------------------------------------------------------------------------------
[2022-12-04 13:29:45,070] {taskinstance.py:1397} INFO - Executing <Task(BashOperator): load> on 2022-12-04 06:29:28.843827+00:00
[2022-12-04 13:29:45,076] {standard_task_runner.py:52} INFO - Started process 7074 to run task
[2022-12-04 13:29:45,079] {standard_task_runner.py:79} INFO - Running: ['airflow', 'tasks', 'run', 'coba', 'load', 'manual__2022-12-04T06:29:28.843827+00:00', '--job-id', '73', '--raw', '--subdir', 'DAGS_FOLDER/AirFlowScheaduling.py', '--cfg-path', '/tmp/tmp7fdqjrb2', '--error-file', '/tmp/tmpwxla5g2a']
[2022-12-04 13:29:45,079] {standard_task_runner.py:80} INFO - Job 73: Subtask load
[2022-12-04 13:29:45,114] {task_command.py:371} INFO - Running <TaskInstance: coba.load manual__2022-12-04T06:29:28.843827+00:00 [running]> on host UbuntuPC
[2022-12-04 13:29:45,148] {taskinstance.py:1589} INFO - Exporting the following env vars:
AIRFLOW_CTX_DAG_OWNER=Kelompok6
AIRFLOW_CTX_DAG_ID=coba
AIRFLOW_CTX_TASK_ID=load
AIRFLOW_CTX_EXECUTION_DATE=2022-12-04T06:29:28.843827+00:00
AIRFLOW_CTX_TRY_NUMBER=1
AIRFLOW_CTX_DAG_RUN_ID=manual__2022-12-04T06:29:28.843827+00:00
[2022-12-04 13:29:45,149] {subprocess.py:62} INFO - Tmp dir root location: 
 /tmp
[2022-12-04 13:29:45,149] {subprocess.py:74} INFO - Running command: ['bash', '-c', 'python3 /home/noname00/Documents/DE_SCHEADULING/SERVER_MAIN/TapTarget/tap_emp_api.py | /home/noname00/Documents/DE_SCHEADULING/SERVER_MAIN/TapTarget/Singer.io_postgres_target/bin/target-postgres -c /home/noname00/Documents/DE_SCHEADULING/SERVER_MAIN/TapTarget/Singer.io_postgres_target/bin/config.json']
[2022-12-04 13:29:45,161] {subprocess.py:85} INFO - Output:
[2022-12-04 13:29:45,473] {subprocess.py:92} INFO - INFO PostgresTarget created with established connection: `user=pgdamin password=xxx dbname=testdb host=10.0.2.15 port=5432`, PostgreSQL schema: `public`
[2022-12-04 13:29:45,493] {subprocess.py:92} INFO - INFO Sending version information to singer.io. To disable sending anonymous usage data, set the config parameter "disable_collection" to true
[2022-12-04 13:29:45,920] {subprocess.py:92} INFO - INFO Stream customer (customer) with max_version None targetting None
[2022-12-04 13:29:45,920] {subprocess.py:92} INFO - INFO Root table name customer
[2022-12-04 13:29:45,969] {subprocess.py:92} INFO - INFO Writing batch with 10000 records for `customer` with `key_properties`: `['customer_id']`
[2022-12-04 13:29:46,067] {subprocess.py:92} INFO - INFO Writing table batch schema for `('customer',)`...
[2022-12-04 13:29:46,084] {subprocess.py:92} INFO - INFO Table Schema Change [`customer`.`('customer_id',)`:`customer_id`] New column (took 1 millis)
[2022-12-04 13:29:46,085] {subprocess.py:92} INFO - INFO Table Schema Change [`customer`.`('credit_score',)`:`credit_score`] New column (took 0 millis)
[2022-12-04 13:29:46,090] {subprocess.py:92} INFO - INFO Table Schema Change [`customer`.`('country',)`:`country`] New column (took 5 millis)
[2022-12-04 13:29:46,091] {subprocess.py:92} INFO - INFO Table Schema Change [`customer`.`('gender',)`:`gender`] New column (took 0 millis)
[2022-12-04 13:29:46,092] {subprocess.py:92} INFO - INFO Table Schema Change [`customer`.`('age',)`:`age`] New column (took 1 millis)
[2022-12-04 13:29:46,093] {subprocess.py:92} INFO - INFO Table Schema Change [`customer`.`('tenure',)`:`tenure`] New column (took 0 millis)
[2022-12-04 13:29:46,094] {subprocess.py:92} INFO - INFO Table Schema Change [`customer`.`('balance',)`:`balance`] New column (took 0 millis)
[2022-12-04 13:29:46,095] {subprocess.py:92} INFO - INFO Table Schema Change [`customer`.`('products_number',)`:`products_number`] New column (took 0 millis)
[2022-12-04 13:29:46,096] {subprocess.py:92} INFO - INFO Table Schema Change [`customer`.`('credit_card',)`:`credit_card`] New column (took 1 millis)
[2022-12-04 13:29:46,097] {subprocess.py:92} INFO - INFO Table Schema Change [`customer`.`('active_member',)`:`active_member`] New column (took 0 millis)
[2022-12-04 13:29:46,098] {subprocess.py:92} INFO - INFO Table Schema Change [`customer`.`('estimated_salary',)`:`estimated_salary`] New column (took 1 millis)
[2022-12-04 13:29:46,099] {subprocess.py:92} INFO - INFO Table Schema Change [`customer`.`('churn',)`:`churn`] New column (took 0 millis)
[2022-12-04 13:29:46,100] {subprocess.py:92} INFO - INFO Table Schema Change [`customer`.`('_sdc_received_at',)`:`_sdc_received_at`] New column (took 0 millis)
[2022-12-04 13:29:46,101] {subprocess.py:92} INFO - INFO Table Schema Change [`customer`.`('_sdc_sequence',)`:`_sdc_sequence`] New column (took 0 millis)
[2022-12-04 13:29:46,102] {subprocess.py:92} INFO - INFO Table Schema Change [`customer`.`('_sdc_table_version',)`:`_sdc_table_version`] New column (took 0 millis)
[2022-12-04 13:29:46,103] {subprocess.py:92} INFO - INFO Table Schema Change [`customer`.`('_sdc_batched_at',)`:`_sdc_batched_at`] New column (took 0 millis)
[2022-12-04 13:29:46,112] {subprocess.py:92} INFO - INFO METRIC: {"type": "timer", "metric": "job_duration", "value": 0.04478335380554199, "tags": {"job_type": "upsert_table_schema", "path": ["customer"], "database": "testdb", "schema": "public", "table": "customer", "status": "succeeded"}}
[2022-12-04 13:29:46,112] {subprocess.py:92} INFO - INFO Writing table batch with 10000 rows for `('customer',)`...
[2022-12-04 13:29:48,545] {subprocess.py:92} INFO - INFO METRIC: {"type": "counter", "metric": "record_count", "value": 10000, "tags": {"count_type": "table_rows_persisted", "path": ["customer"], "database": "testdb", "schema": "public", "table": "customer"}}
[2022-12-04 13:29:48,545] {subprocess.py:92} INFO - INFO METRIC: {"type": "timer", "metric": "job_duration", "value": 2.4784653186798096, "tags": {"job_type": "table", "path": ["customer"], "database": "testdb", "schema": "public", "table": "customer", "status": "succeeded"}}
[2022-12-04 13:29:48,545] {subprocess.py:92} INFO - INFO METRIC: {"type": "counter", "metric": "record_count", "value": 10000, "tags": {"count_type": "batch_rows_persisted", "path": ["customer"], "database": "testdb", "schema": "public"}}
[2022-12-04 13:29:48,545] {subprocess.py:92} INFO - INFO METRIC: {"type": "timer", "metric": "job_duration", "value": 2.5769808292388916, "tags": {"job_type": "batch", "path": ["customer"], "database": "testdb", "schema": "public", "status": "succeeded"}}
[2022-12-04 13:29:48,588] {subprocess.py:96} INFO - Command exited with return code 0
[2022-12-04 13:29:48,604] {taskinstance.py:1415} INFO - Marking task as SUCCESS. dag_id=coba, task_id=load, execution_date=20221204T062928, start_date=20221204T062945, end_date=20221204T062948
[2022-12-04 13:29:48,648] {local_task_job.py:156} INFO - Task exited with return code 0
[2022-12-04 13:29:48,667] {local_task_job.py:273} INFO - 1 downstream tasks scheduled from follow-on schedule check
